Release 14.7 - xst P.20131013 (nt64)
Copyright (c) 1995-2013 Xilinx, Inc.  All rights reserved.
--> Parameter TMPDIR set to xst/projnav.tmp


Total REAL time to Xst completion: 0.00 secs
Total CPU time to Xst completion: 0.11 secs
 
--> Parameter xsthdpdir set to xst


Total REAL time to Xst completion: 0.00 secs
Total CPU time to Xst completion: 0.11 secs
 
--> Reading design: scheme_1.prj

TABLE OF CONTENTS
  1) Synthesis Options Summary
  2) HDL Compilation
  3) Design Hierarchy Analysis
  4) HDL Analysis
  5) HDL Synthesis
     5.1) HDL Synthesis Report
  6) Advanced HDL Synthesis
     6.1) Advanced HDL Synthesis Report
  7) Low Level Synthesis
  8) Partition Report
  9) Final Report
	9.1) Device utilization summary
	9.2) Partition Resource Summary
	9.3) TIMING REPORT


=========================================================================
*                      Synthesis Options Summary                        *
=========================================================================
---- Source Parameters
Input File Name                    : "scheme_1.prj"
Input Format                       : mixed
Ignore Synthesis Constraint File   : NO

---- Target Parameters
Output File Name                   : "scheme_1"
Output Format                      : NGC
Target Device                      : xc3s1000-4-ft256

---- Source Options
Top Module Name                    : scheme_1
Automatic FSM Extraction           : YES
FSM Encoding Algorithm             : Auto
Safe Implementation                : No
FSM Style                          : LUT
RAM Extraction                     : Yes
RAM Style                          : Auto
ROM Extraction                     : Yes
Mux Style                          : Auto
Decoder Extraction                 : YES
Priority Encoder Extraction        : Yes
Shift Register Extraction          : YES
Logical Shifter Extraction         : YES
XOR Collapsing                     : YES
ROM Style                          : Auto
Mux Extraction                     : Yes
Resource Sharing                   : YES
Asynchronous To Synchronous        : NO
Multiplier Style                   : Auto
Automatic Register Balancing       : No

---- Target Options
Add IO Buffers                     : YES
Global Maximum Fanout              : 100000
Add Generic Clock Buffer(BUFG)     : 8
Register Duplication               : YES
Slice Packing                      : YES
Optimize Instantiated Primitives   : NO
Use Clock Enable                   : Yes
Use Synchronous Set                : Yes
Use Synchronous Reset              : Yes
Pack IO Registers into IOBs        : Auto
Equivalent register Removal        : YES

---- General Options
Optimization Goal                  : Speed
Optimization Effort                : 1
Keep Hierarchy                     : No
Netlist Hierarchy                  : As_Optimized
RTL Output                         : Yes
Global Optimization                : AllClockNets
Read Cores                         : YES
Write Timing Constraints           : NO
Cross Clock Analysis               : NO
Hierarchy Separator                : /
Bus Delimiter                      : <>
Case Specifier                     : Maintain
Slice Utilization Ratio            : 100
BRAM Utilization Ratio             : 100
Verilog 2001                       : YES
Auto BRAM Packing                  : NO
Slice Utilization Ratio Delta      : 5

=========================================================================


=========================================================================
*                          HDL Compilation                              *
=========================================================================
Compiling vhdl file "D:/GitHub/VHDL/lab4/INV.vhd" in Library work.
Architecture struct of Entity inv is up to date.
Compiling vhdl file "D:/GitHub/VHDL/lab4/NOAA.vhd" in Library work.
Architecture struct of Entity noaa is up to date.
Compiling vhdl file "D:/GitHub/VHDL/lab4/scheme_1.vhd" in Library work.
Architecture struct of Entity scheme_1 is up to date.

=========================================================================
*                     Design Hierarchy Analysis                         *
=========================================================================
Analyzing hierarchy for entity <scheme_1> in library <work> (architecture <struct>).

Analyzing hierarchy for entity <INV> in library <work> (architecture <struct>).

Analyzing hierarchy for entity <NOAA> in library <work> (architecture <struct>).


=========================================================================
*                            HDL Analysis                               *
=========================================================================
Analyzing Entity <scheme_1> in library <work> (Architecture <struct>).
Entity <scheme_1> analyzed. Unit <scheme_1> generated.

Analyzing Entity <INV> in library <work> (Architecture <struct>).
Entity <INV> analyzed. Unit <INV> generated.

Analyzing Entity <NOAA> in library <work> (Architecture <struct>).
Entity <NOAA> analyzed. Unit <NOAA> generated.


=========================================================================
*                           HDL Synthesis                               *
=========================================================================

Performing bidirectional port resolution...

Synthesizing Unit <INV>.
    Related source file is "D:/GitHub/VHDL/lab4/INV.vhd".
Unit <INV> synthesized.


Synthesizing Unit <NOAA>.
    Related source file is "D:/GitHub/VHDL/lab4/NOAA.vhd".
    Found 1-bit xor2 for signal <y$xor0000> created at line 10.
Unit <NOAA> synthesized.


Synthesizing Unit <scheme_1>.
    Related source file is "D:/GitHub/VHDL/lab4/scheme_1.vhd".
Unit <scheme_1> synthesized.


=========================================================================
HDL Synthesis Report

Macro Statistics
# Xors                                                 : 3
 1-bit xor2                                            : 3

=========================================================================

=========================================================================
*                       Advanced HDL Synthesis                          *
=========================================================================

WARNING:Xst:79 - Model 'INV' has different characteristics in destination library
WARNING:Xst:80 - Model name has been changed to 'INV1'

=========================================================================
Advanced HDL Synthesis Report

Macro Statistics
# Xors                                                 : 3
 1-bit xor2                                            : 3

=========================================================================

=========================================================================
*                         Low Level Synthesis                           *
=========================================================================
WARNING:Xst:1989 - Unit <scheme_1>: instances <x4>, <x9> of unit <INV1> are equivalent, second instance is removed
WARNING:Xst:2170 - Unit scheme_1 : the following signal(s) form a combinatorial loop: x3/y_and0000.
WARNING:Xst:2170 - Unit scheme_1 : the following signal(s) form a combinatorial loop: x1/y_and0000.

Optimizing unit <scheme_1> ...

Mapping all equations...
WARNING:Xst:2170 - Unit scheme_1 : the following signal(s) form a combinatorial loop: Ny3.
Building and optimizing final netlist ...
Found area constraint ratio of 100 (+ 5) on block scheme_1, actual ratio is 0.

Final Macro Processing ...

=========================================================================
Final Register Report

Found no macro
=========================================================================

=========================================================================
*                           Partition Report                            *
=========================================================================

Partition Implementation Status
-------------------------------

  No Partitions were found in this design.

-------------------------------

=========================================================================
*                            Final Report                               *
=========================================================================
Final Results
RTL Top Level Output File Name     : scheme_1.ngr
Top Level Output File Name         : scheme_1
Output Format                      : NGC
Optimization Goal                  : Speed
Keep Hierarchy                     : No

Design Statistics
# IOs                              : 5

Cell Usage :
# BELS                             : 2
#      LUT2                        : 1
#      LUT3                        : 1
# IO Buffers                       : 2
#      IBUF                        : 1
#      OBUF                        : 1
=========================================================================

Device utilization summary:
---------------------------

Selected Device : 3s1000ft256-4 

 Number of Slices:                        1  out of   7680     0%  
 Number of 4 input LUTs:                  2  out of  15360     0%  
 Number of IOs:                           5
 Number of bonded IOBs:                   2  out of    173     1%  

---------------------------
Partition Resource Summary:
---------------------------

  No Partitions were found in this design.

---------------------------


=========================================================================
TIMING REPORT

NOTE: THESE TIMING NUMBERS ARE ONLY A SYNTHESIS ESTIMATE.
      FOR ACCURATE TIMING INFORMATION PLEASE REFER TO THE TRACE REPORT
      GENERATED AFTER PLACE-and-ROUTE.

Clock Information:
------------------
No clock signals found in this design

Asynchronous Control Signals Information:
----------------------------------------
No asynchronous control signals found in this design

Timing Summary:
---------------
Speed Grade: -4

   Minimum period: No path found
   Minimum input arrival time before clock: No path found
   Maximum output required time after clock: No path found
   Maximum combinational path delay: 10.876ns

Timing Detail:
--------------
All values displayed in nanoseconds (ns)

=========================================================================
Timing constraint: Default path analysis
  Total number of paths / destination ports: 2 / 1
-------------------------------------------------------------------------
Delay:               10.876ns (Levels of Logic = 4)
  Source:            C (PAD)
  Destination:       QN (PAD)

  Data Path: C to QN
                                Gate     Net
    Cell:in->out      fanout   Delay   Delay  Logical Name (Net Name)
    ----------------------------------------  ------------
     IBUF:I->O             2   0.821   1.216  C_IBUF (C_IBUF)
     LUT2:I0->O            2   0.551   1.216  x1/y_and00001 (x1/y_and0000)
     LUT3:I0->O            2   0.551   0.877  x4/y1 (Ny3)
     OBUF:I->O                 5.644          QN_OBUF (QN)
    ----------------------------------------
    Total                     10.876ns (7.567ns logic, 3.309ns route)
                                       (69.6% logic, 30.4% route)

=========================================================================


Total REAL time to Xst completion: 8.00 secs
Total CPU time to Xst completion: 8.14 secs
 
--> 

Total memory usage is 256956 kilobytes

Number of errors   :    0 (   0 filtered)
Number of warnings :    6 (   0 filtered)
Number of infos    :    0 (   0 filtered)

