Release 14.7 - xst P.20131013 (nt64)
Copyright (c) 1995-2013 Xilinx, Inc.  All rights reserved.
--> Parameter TMPDIR set to xst/projnav.tmp


Total REAL time to Xst completion: 0.00 secs
Total CPU time to Xst completion: 0.11 secs
 
--> Parameter xsthdpdir set to xst


Total REAL time to Xst completion: 0.00 secs
Total CPU time to Xst completion: 0.11 secs
 
--> Reading design: full_scheme_1.prj

TABLE OF CONTENTS
  1) Synthesis Options Summary
  2) HDL Compilation
  3) Design Hierarchy Analysis
  4) HDL Analysis
  5) HDL Synthesis
     5.1) HDL Synthesis Report
  6) Advanced HDL Synthesis
     6.1) Advanced HDL Synthesis Report
  7) Low Level Synthesis
  8) Partition Report
  9) Final Report
	9.1) Device utilization summary
	9.2) Partition Resource Summary
	9.3) TIMING REPORT


=========================================================================
*                      Synthesis Options Summary                        *
=========================================================================
---- Source Parameters
Input File Name                    : "full_scheme_1.prj"
Input Format                       : mixed
Ignore Synthesis Constraint File   : NO

---- Target Parameters
Output File Name                   : "full_scheme_1"
Output Format                      : NGC
Target Device                      : xc3s1000-4-ft256

---- Source Options
Top Module Name                    : full_scheme_1
Automatic FSM Extraction           : YES
FSM Encoding Algorithm             : Auto
Safe Implementation                : No
FSM Style                          : LUT
RAM Extraction                     : Yes
RAM Style                          : Auto
ROM Extraction                     : Yes
Mux Style                          : Auto
Decoder Extraction                 : YES
Priority Encoder Extraction        : Yes
Shift Register Extraction          : YES
Logical Shifter Extraction         : YES
XOR Collapsing                     : YES
ROM Style                          : Auto
Mux Extraction                     : Yes
Resource Sharing                   : YES
Asynchronous To Synchronous        : NO
Multiplier Style                   : Auto
Automatic Register Balancing       : No

---- Target Options
Add IO Buffers                     : YES
Global Maximum Fanout              : 100000
Add Generic Clock Buffer(BUFG)     : 8
Register Duplication               : YES
Slice Packing                      : YES
Optimize Instantiated Primitives   : NO
Use Clock Enable                   : Yes
Use Synchronous Set                : Yes
Use Synchronous Reset              : Yes
Pack IO Registers into IOBs        : Auto
Equivalent register Removal        : YES

---- General Options
Optimization Goal                  : Speed
Optimization Effort                : 1
Keep Hierarchy                     : No
Netlist Hierarchy                  : As_Optimized
RTL Output                         : Yes
Global Optimization                : AllClockNets
Read Cores                         : YES
Write Timing Constraints           : NO
Cross Clock Analysis               : NO
Hierarchy Separator                : /
Bus Delimiter                      : <>
Case Specifier                     : Maintain
Slice Utilization Ratio            : 100
BRAM Utilization Ratio             : 100
Verilog 2001                       : YES
Auto BRAM Packing                  : NO
Slice Utilization Ratio Delta      : 5

=========================================================================


=========================================================================
*                          HDL Compilation                              *
=========================================================================
Compiling vhdl file "D:/GitHub/VHDL/lab3/add1.vhd" in Library work.
Architecture struct_1 of Entity add1 is up to date.
Compiling vhdl file "D:/GitHub/VHDL/lab3/mult_2.vhd" in Library work.
Architecture structure of Entity mult_2 is up to date.
Compiling vhdl file "D:/GitHub/VHDL/lab3/add.vhd" in Library work.
Architecture struct of Entity add is up to date.
Compiling vhdl file "D:/GitHub/VHDL/lab3/mult.vhd" in Library work.
Architecture struct of Entity mult is up to date.
Compiling vhdl file "D:/GitHub/VHDL/lab3/element.vhd" in Library work.
Architecture struct of Entity element is up to date.
Compiling vhdl file "D:/GitHub/VHDL/lab3/full_scheme_1.vhd" in Library work.
Architecture struct of Entity full_scheme_1 is up to date.

=========================================================================
*                     Design Hierarchy Analysis                         *
=========================================================================
Analyzing hierarchy for entity <full_scheme_1> in library <work> (architecture <struct>) with generics.
	N = 4

Analyzing hierarchy for entity <element> in library <work> (architecture <struct>).

Analyzing hierarchy for entity <add> in library <work> (architecture <struct>).

Analyzing hierarchy for entity <mult> in library <work> (architecture <struct>).

Analyzing hierarchy for entity <add1> in library <work> (architecture <struct_1>).

Analyzing hierarchy for entity <mult_2> in library <work> (architecture <structure>).

Analyzing hierarchy for entity <add1> in library <work> (architecture <struct_1>).


=========================================================================
*                            HDL Analysis                               *
=========================================================================
Analyzing generic Entity <full_scheme_1> in library <work> (Architecture <struct>).
	N = 4
Entity <full_scheme_1> analyzed. Unit <full_scheme_1> generated.

Analyzing Entity <element> in library <work> (Architecture <struct>).
Entity <element> analyzed. Unit <element> generated.

Analyzing Entity <add> in library <work> (Architecture <struct>).
Entity <add> analyzed. Unit <add> generated.

Analyzing Entity <add1> in library <work> (Architecture <struct_1>).
Entity <add1> analyzed. Unit <add1> generated.

Analyzing Entity <mult> in library <work> (Architecture <struct>).
Entity <mult> analyzed. Unit <mult> generated.

Analyzing Entity <mult_2> in library <work> (Architecture <structure>).
Entity <mult_2> analyzed. Unit <mult_2> generated.


=========================================================================
*                           HDL Synthesis                               *
=========================================================================

Performing bidirectional port resolution...

Synthesizing Unit <add1>.
    Related source file is "D:/GitHub/VHDL/lab3/add1.vhd".
Unit <add1> synthesized.


Synthesizing Unit <add>.
    Related source file is "D:/GitHub/VHDL/lab3/add.vhd".
Unit <add> synthesized.


Synthesizing Unit <mult_2>.
    Related source file is "D:/GitHub/VHDL/lab3/mult_2.vhd".
Unit <mult_2> synthesized.


Synthesizing Unit <mult>.
    Related source file is "D:/GitHub/VHDL/lab3/mult.vhd".
WARNING:Xst:646 - Signal <p4> is assigned but never used. This unconnected signal will be trimmed during the optimization process.
WARNING:Xst:646 - Signal <p3> is assigned but never used. This unconnected signal will be trimmed during the optimization process.
Unit <mult> synthesized.


Synthesizing Unit <element>.
    Related source file is "D:/GitHub/VHDL/lab3/element.vhd".
Unit <element> synthesized.


Synthesizing Unit <full_scheme_1>.
    Related source file is "D:/GitHub/VHDL/lab3/full_scheme_1.vhd".
Unit <full_scheme_1> synthesized.


=========================================================================
HDL Synthesis Report

Found no macro
=========================================================================

=========================================================================
*                       Advanced HDL Synthesis                          *
=========================================================================

WARNING:Xst:1290 - Hierarchical block <circ2> is unconnected in block <circ1>.
   It will be removed from the design.
WARNING:Xst:1290 - Hierarchical block <circ2> is unconnected in block <circ1>.
   It will be removed from the design.
WARNING:Xst:1290 - Hierarchical block <circ2> is unconnected in block <circ1>.
   It will be removed from the design.
WARNING:Xst:1290 - Hierarchical block <circ2> is unconnected in block <circ1>.
   It will be removed from the design.

=========================================================================
Advanced HDL Synthesis Report

Found no macro
=========================================================================

=========================================================================
*                         Low Level Synthesis                           *
=========================================================================

Optimizing unit <full_scheme_1> ...

Mapping all equations...
Building and optimizing final netlist ...
Found area constraint ratio of 100 (+ 5) on block full_scheme_1, actual ratio is 0.

Final Macro Processing ...

=========================================================================
Final Register Report

Found no macro
=========================================================================

=========================================================================
*                           Partition Report                            *
=========================================================================

Partition Implementation Status
-------------------------------

  No Partitions were found in this design.

-------------------------------

=========================================================================
*                            Final Report                               *
=========================================================================
Final Results
RTL Top Level Output File Name     : full_scheme_1.ngr
Top Level Output File Name         : full_scheme_1
Output Format                      : NGC
Optimization Goal                  : Speed
Keep Hierarchy                     : No

Design Statistics
# IOs                              : 24

Cell Usage :
# BELS                             : 22
#      GND                         : 1
#      LUT2                        : 2
#      LUT3                        : 3
#      LUT4                        : 12
#      MUXF5                       : 4
# IO Buffers                       : 24
#      IBUF                        : 18
#      OBUF                        : 6
=========================================================================

Device utilization summary:
---------------------------

Selected Device : 3s1000ft256-4 

 Number of Slices:                       10  out of   7680     0%  
 Number of 4 input LUTs:                 17  out of  15360     0%  
 Number of IOs:                          24
 Number of bonded IOBs:                  24  out of    173    13%  

---------------------------
Partition Resource Summary:
---------------------------

  No Partitions were found in this design.

---------------------------


=========================================================================
TIMING REPORT

NOTE: THESE TIMING NUMBERS ARE ONLY A SYNTHESIS ESTIMATE.
      FOR ACCURATE TIMING INFORMATION PLEASE REFER TO THE TRACE REPORT
      GENERATED AFTER PLACE-and-ROUTE.

Clock Information:
------------------
No clock signals found in this design

Asynchronous Control Signals Information:
----------------------------------------
No asynchronous control signals found in this design

Timing Summary:
---------------
Speed Grade: -4

   Minimum period: No path found
   Minimum input arrival time before clock: No path found
   Maximum output required time after clock: No path found
   Maximum combinational path delay: 14.422ns

Timing Detail:
--------------
All values displayed in nanoseconds (ns)

=========================================================================
Timing constraint: Default path analysis
  Total number of paths / destination ports: 154 / 6
-------------------------------------------------------------------------
Delay:               14.422ns (Levels of Logic = 7)
  Source:            c2<1> (PAD)
  Destination:       mp1<2> (PAD)

  Data Path: c2<1> to mp1<2>
                                Gate     Net
    Cell:in->out      fanout   Delay   Delay  Logical Name (Net Name)
    ----------------------------------------  ------------
     IBUF:I->O             7   0.821   1.405  c2_1_IBUF (c2_1_IBUF)
     LUT4:I0->O            1   0.551   0.000  circ1/circ2/t0171 (circ1/circ2/t0171)
     MUXF5:I1->O           1   0.360   0.869  circ1/circ2/t017_f5 (circ1/circ2/t017)
     LUT4:I2->O            2   0.551   1.216  circ1/circ2/t0100 (circ1/circ2/t0)
     LUT4:I0->O            3   0.551   1.102  circ2/circ2/t0 (circ2/circ2/t0)
     LUT2:I1->O            1   0.551   0.801  circ2/circ2/circ1/t01 (mp1_2_OBUF)
     OBUF:I->O                 5.644          mp1_2_OBUF (mp1<2>)
    ----------------------------------------
    Total                     14.422ns (9.029ns logic, 5.393ns route)
                                       (62.6% logic, 37.4% route)

=========================================================================


Total REAL time to Xst completion: 8.00 secs
Total CPU time to Xst completion: 8.14 secs
 
--> 

Total memory usage is 257660 kilobytes

Number of errors   :    0 (   0 filtered)
Number of warnings :    6 (   0 filtered)
Number of infos    :    0 (   0 filtered)

